<?xml version="1.0" encoding="UTF-8"?>
<coverage generated="1780796590210" clover="3.2.0">
  <project timestamp="1780796590211" name="All files">
    <metrics statements="7" coveredstatements="7" conditionals="0" coveredconditionals="0" methods="1" coveredmethods="1" elements="8" coveredelements="8" complexity="0" loc="7" ncloc="7" packages="1" files="1" classes="1"/>
    <file name="nameGenerator.js" path="C:\Users\randy\OneDrive\Documentos\Trabajos Uni\DESARROLLO MOVIL INTEGRAL\Practicas\rpg-name-generator\src\lib\nameGenerator.js">
      <metrics statements="7" coveredstatements="7" conditionals="0" coveredconditionals="0" methods="1" coveredmethods="1"/>
      <line num="1" count="1" type="stmt"/>
      <line num="7" count="1" type="stmt"/>
      <line num="28" count="6" type="stmt"/>
      <line num="30" count="6" type="stmt"/>
      <line num="31" count="6" type="stmt"/>
      <line num="34" count="1" type="stmt"/>
      <line num="35" count="1" type="stmt"/>
    </file>
  </project>
</coverage>
