{"C:\\Users\\randy\\OneDrive\\Documentos\\Trabajos Uni\\DESARROLLO MOVIL INTEGRAL\\Practicas\\rpg-name-generator\\src\\lib\\nameGenerator.js": {"path":"C:\\Users\\randy\\OneDrive\\Documentos\\Trabajos Uni\\DESARROLLO MOVIL INTEGRAL\\Practicas\\rpg-name-generator\\src\\lib\\nameGenerator.js","statementMap":{"0":{"start":{"line":1,"column":21},"end":{"line":5,"column":1}},"1":{"start":{"line":7,"column":22},"end":{"line":25,"column":1}},"2":{"start":{"line":28,"column":17},"end":{"line":28,"column":90}},"3":{"start":{"line":30,"column":4},"end":{"line":30,"column":89}},"4":{"start":{"line":31,"column":2},"end":{"line":31,"column":31}},"5":{"start":{"line":34,"column":30},"end":{"line":34,"column":55}},"6":{"start":{"line":35,"column":32},"end":{"line":35,"column":58}}},"fnMap":{"0":{"name":"generateName","decl":{"start":{"line":27,"column":16},"end":{"line":27,"column":28}},"loc":{"start":{"line":27,"column":46},"end":{"line":32,"column":1}},"line":27}},"branchMap":{},"s":{"0":1,"1":1,"2":6,"3":6,"4":6,"5":1,"6":1},"f":{"0":6},"b":{},"meta":{"lastBranch":0,"lastFunction":1,"lastStatement":7,"seen":{"s:1:21:5:1":0,"s:7:22:25:1":1,"f:27:16:27:28":0,"s:28:17:28:90":2,"s:30:4:30:89":3,"s:31:2:31:31":4,"s:34:30:34:55":5,"s:35:32:35:58":6}}}
}
